<?xml version="1.0" encoding="UTF-8"?>
<!-- Generated by org.testng.reporters.JUnitReportReporter -->
<testsuite hostname="Rishabh" failures="0" tests="1" name="com.NetBanking.testCases.BaseTest" time="0.003" errors="0" timestamp="2023-05-23T00:27:40 IST" skipped="0">
  <testcase classname="com.NetBanking.testCases.BaseTest" name="testmethod" time="0.003"/>
  <system-out/>
</testsuite> <!-- com.NetBanking.testCases.BaseTest -->
