<?xml version="1.0" encoding="UTF-8"?>
<!-- Generated by org.testng.reporters.JUnitReportReporter -->
<testsuite hostname="Rishabh" failures="0" tests="1" name="com.NetBanking.testCases.ErrorLogin" time="0.655" errors="0" timestamp="2023-05-23T11:33:17 IST" skipped="0">
  <testcase classname="com.NetBanking.testCases.ErrorLogin" name="LoginFail" time="0.655"/>
  <system-out/>
</testsuite> <!-- com.NetBanking.testCases.ErrorLogin -->
